astree.o:
     $Id: auxlib.h,v 1.2 2013-09-19 19:55:32-07 - - $
     $Id: astree.h,v 1.3 2013-09-20 12:23:31-07 - - $
     $Id: stringset.h,v 1.5 2013-09-23 14:16:09-07 - - $
     $Id: astree.cc,v 1.14 2013-10-10 18:48:18-07 - - $
     $Compiled: astree.cc Dec 30 2016 14:50:46 $

lyutils.o:
     $Id: auxlib.h,v 1.2 2013-09-19 19:55:32-07 - - $
     $Id: astree.h,v 1.3 2013-09-20 12:23:31-07 - - $
     $Id: lyutils.cc,v 1.3 2013-10-10 18:17:45-07 - - $
     $Compiled: lyutils.cc Dec 30 2016 14:50:46 $

auxlib.o:
     $Id: auxlib.h,v 1.2 2013-09-19 19:55:32-07 - - $
     $Id: auxlib.cc,v 1.3 2013-09-20 17:52:13-07 - - $
     $Compiled: auxlib.cc Dec 29 2016 22:59:02 $

stringset.o:
     $Id: auxlib.h,v 1.2 2013-09-19 19:55:32-07 - - $
     $Id: stringset.h,v 1.5 2013-09-23 14:16:09-07 - - $
     $Id: stringset.cc,v 1.6 2013-10-10 17:44:18-07 - - $
     $Compiled: stringset.cc Dec 29 2016 22:59:02 $

symboltable.o:
     $Id: auxlib.h,v 1.2 2013-09-19 19:55:32-07 - - $
     $Id: stringset.h,v 1.5 2013-09-23 14:16:09-07 - - $
     $Id: astree.h,v 1.3 2013-09-20 12:23:31-07 - - $

main.o:
     $Id: auxlib.h,v 1.2 2013-09-19 19:55:32-07 - - $
     $Id: astree.h,v 1.3 2013-09-20 12:23:31-07 - - $
     $Id: stringset.h,v 1.5 2013-09-23 14:16:09-07 - - $

yylex.o:
     $Id: auxlib.h,v 1.2 2013-09-19 19:55:32-07 - - $
     $Id: astree.h,v 1.3 2013-09-20 12:23:31-07 - - $
     $Id: scanner.l,v 1.3 2013-10-15 16:37:56-07 - - $
     $Compiled: scanner.l Dec 30 2016 14:50:47 $

yyparse.o:
     $Id: auxlib.h,v 1.2 2013-09-19 19:55:32-07 - - $
     $Id: astree.h,v 1.3 2013-09-20 12:23:31-07 - - $
     $Id: parser.y,v 1.5 2013-10-10 18:48:18-07 - - $
     $Compiled: parser.y Dec 30 2016 14:50:47 $

oc:
     $Id: auxlib.h,v 1.2 2013-09-19 19:55:32-07 - - $
     $Id: astree.h,v 1.3 2013-09-20 12:23:31-07 - - $
     $Id: stringset.h,v 1.5 2013-09-23 14:16:09-07 - - $
     $Id: astree.cc,v 1.14 2013-10-10 18:48:18-07 - - $
     $Compiled: astree.cc Dec 30 2016 14:50:46 $
     $Id: auxlib.h,v 1.2 2013-09-19 19:55:32-07 - - $
     $Id: astree.h,v 1.3 2013-09-20 12:23:31-07 - - $
     $Id: lyutils.cc,v 1.3 2013-10-10 18:17:45-07 - - $
     $Compiled: lyutils.cc Dec 30 2016 14:50:46 $
     $Id: auxlib.h,v 1.2 2013-09-19 19:55:32-07 - - $
     $Id: auxlib.cc,v 1.3 2013-09-20 17:52:13-07 - - $
     $Compiled: auxlib.cc Dec 29 2016 22:59:02 $
     $Id: auxlib.h,v 1.2 2013-09-19 19:55:32-07 - - $
     $Id: stringset.h,v 1.5 2013-09-23 14:16:09-07 - - $
     $Id: stringset.cc,v 1.6 2013-10-10 17:44:18-07 - - $
     $Compiled: stringset.cc Dec 29 2016 22:59:02 $
     $Id: auxlib.h,v 1.2 2013-09-19 19:55:32-07 - - $
     $Id: stringset.h,v 1.5 2013-09-23 14:16:09-07 - - $
     $Id: astree.h,v 1.3 2013-09-20 12:23:31-07 - - $
     $Id: auxlib.h,v 1.2 2013-09-19 19:55:32-07 - - $
     $Id: astree.h,v 1.3 2013-09-20 12:23:31-07 - - $
     $Id: stringset.h,v 1.5 2013-09-23 14:16:09-07 - - $
     $Id: auxlib.h,v 1.2 2013-09-19 19:55:32-07 - - $
     $Id: astree.h,v 1.3 2013-09-20 12:23:31-07 - - $
     $Id: scanner.l,v 1.3 2013-10-15 16:37:56-07 - - $
     $Compiled: scanner.l Dec 30 2016 14:50:47 $
     $Id: auxlib.h,v 1.2 2013-09-19 19:55:32-07 - - $
     $Id: astree.h,v 1.3 2013-09-20 12:23:31-07 - - $
     $Id: parser.y,v 1.5 2013-10-10 18:48:18-07 - - $
     $Compiled: parser.y Dec 30 2016 14:50:47 $
